<?xml version="1.0" encoding="UTF-8"?>
<testng-results ignored="0" total="1" passed="1" failed="0" skipped="0">
  <reporter-output>
  </reporter-output>
  <suite started-at="2024-06-25T15:26:49 IST" name="Test Suite" finished-at="2024-06-25T15:26:50 IST" duration-ms="56">
    <groups>
    </groups>
    <test started-at="2024-06-25T15:26:49 IST" name="TestCase" finished-at="2024-06-25T15:26:50 IST" duration-ms="56">
      <class name="testNGLearning.ParameterizationExample">
        <test-method signature="printName(java.lang.String)[pri:0, instance:testNGLearning.ParameterizationExample@293a5bf6]" started-at="2024-06-25T15:26:50 IST" name="printName" finished-at="2024-06-25T15:26:50 IST" duration-ms="7" status="PASS">
          <params>
            <param index="0">
              <value>
                <![CDATA[Duck]]>
              </value>
            </param>
          </params>
          <reporter-output>
          </reporter-output>
        </test-method> <!-- printName -->
      </class> <!-- testNGLearning.ParameterizationExample -->
    </test> <!-- TestCase -->
  </suite> <!-- Test Suite -->
</testng-results>
